#
# There is insufficient memory for the Java Runtime Environment to continue.
# Native memory allocation (malloc) failed to allocate 1046736 bytes for Chunk::new
# Possible reasons:
#   The system is out of physical RAM or swap space
#   The process is running with CompressedOops enabled, and the Java Heap may be blocking the growth of the native heap
# Possible solutions:
#   Reduce memory load on the system
#   Increase physical memory or swap space
#   Check if swap backing store is full
#   Decrease Java heap size (-Xmx/-Xms)
#   Decrease number of Java threads
#   Decrease Java thread stack sizes (-Xss)
#   Set larger code cache with -XX:ReservedCodeCacheSize=
#   JVM is running with Unscaled Compressed Oops mode in which the Java heap is
#     placed in the first 4GB address space. The Java Heap base address is the
#     maximum limit for the native heap growth. Please use -XX:HeapBaseMinAddress
#     to set the Java Heap base and to place the Java Heap above 4GB virtual address.
# This output file may be truncated or incomplete.
#
#  Out of Memory Error (allocation.cpp:389), pid=1760, tid=0x0000000000000bec
#
# JRE version: Java(TM) SE Runtime Environment (8.0_221-b11) (build 1.8.0_221-b11)
# Java VM: Java HotSpot(TM) 64-Bit Server VM (25.221-b11 mixed mode windows-amd64 compressed oops)
# Failed to write core dump. Minidumps are not enabled by default on client versions of Windows
#

---------------  T H R E A D  ---------------

Current thread (0x00000000179d5000):  JavaThread "C2 CompilerThread0" daemon [_thread_in_native, id=3052, stack(0x0000000019030000,0x0000000019130000)]

Stack: [0x0000000019030000,0x0000000019130000]
[error occurred during error reporting (printing stack bounds), id 0xc0000005]

Native frames: (J=compiled Java code, j=interpreted, Vv=VM code, C=native code)


Current CompileTask:
C2:1653773 24258       4       org.gradle.internal.component.model.ComponentAttributeMatcher::match (259 bytes)


---------------  P R O C E S S  ---------------

Java Threads: ( => current thread )
  0x00000000307ce000 JavaThread "Cache worker for Java compile cache (D:\ilmu komputer\semester 5\project mobile\Secret_Diary\.gradle\6.5\javaCompile)" [_thread_blocked, id=11144, stack(0x0000000035c20000,0x0000000035d20000)]
  0x00000000307cf000 JavaThread "Cache worker for Java compile cache (C:\Users\Rahmadilan\.gradle\caches\6.5\javaCompile)" [_thread_blocked, id=7808, stack(0x0000000035b20000,0x0000000035c20000)]
  0x00000000307c9800 JavaThread "stdout" [_thread_in_native, id=1204, stack(0x00000000354f0000,0x00000000355f0000)]
  0x00000000307cd800 JavaThread "stderr" [_thread_in_native, id=2948, stack(0x00000000353f0000,0x00000000354f0000)]
  0x00000000307c4800 JavaThread "stdout" [_thread_in_native, id=11388, stack(0x00000000352f0000,0x00000000353f0000)]
  0x00000000307c9000 JavaThread "stderr" [_thread_in_native, id=5416, stack(0x00000000351f0000,0x00000000352f0000)]
  0x00000000307c5000 JavaThread "stdout" [_thread_in_native, id=10972, stack(0x00000000350f0000,0x00000000351f0000)]
  0x00000000307c7800 JavaThread "stderr" [_thread_in_native, id=10876, stack(0x0000000034ff0000,0x00000000350f0000)]
  0x00000000307c6000 JavaThread "stdout" [_thread_in_native, id=7932, stack(0x0000000034ef0000,0x0000000034ff0000)]
  0x00000000307ca800 JavaThread "stderr" [_thread_in_native, id=11764, stack(0x0000000034df0000,0x0000000034ef0000)]
  0x0000000020a10800 JavaThread "pool-12-thread-1" [_thread_blocked, id=7472, stack(0x0000000034cf0000,0x0000000034df0000)]
  0x000000002e84f800 JavaThread "WorkerExecutor Queue Thread 4" [_thread_blocked, id=7044, stack(0x0000000034bf0000,0x0000000034cf0000)]
  0x000000002e84e800 JavaThread "WorkerExecutor Queue Thread 3" [_thread_blocked, id=932, stack(0x0000000034af0000,0x0000000034bf0000)]
  0x000000002e84e000 JavaThread "WorkerExecutor Queue Thread 2" [_thread_blocked, id=11508, stack(0x0000000034340000,0x0000000034440000)]
  0x000000002e849800 JavaThread "WorkerExecutor Queue" [_thread_blocked, id=12336, stack(0x0000000034240000,0x0000000034340000)]
  0x000000002e845800 JavaThread "Cache worker for execution history cache (D:\ilmu komputer\semester 5\project mobile\Secret_Diary\.gradle\6.5\executionHistory)" [_thread_blocked, id=6344, stack(0x00000000347f0000,0x00000000348f0000)]
  0x000000002e84a000 JavaThread "Execution worker for ':' Thread 3" [_thread_blocked, id=11908, stack(0x00000000346f0000,0x00000000347f0000)]
  0x000000002e848000 JavaThread "Execution worker for ':' Thread 2" [_thread_blocked, id=13972, stack(0x00000000345f0000,0x00000000346f0000)]
  0x000000002e845000 JavaThread "Execution worker for ':'" [_thread_blocked, id=8832, stack(0x00000000344f0000,0x00000000345f0000)]
  0x000000002e840800 JavaThread "Cache worker for file content cache (D:\ilmu komputer\semester 5\project mobile\Secret_Diary\.gradle\6.5\fileContent)" [_thread_blocked, id=9484, stack(0x0000000033f40000,0x0000000034040000)]
  0x000000002e847000 JavaThread "Cache worker for Build Output Cleanup Cache (D:\ilmu komputer\semester 5\project mobile\Secret_Diary\.gradle\buildOutputCleanup)" [_thread_blocked, id=8032, stack(0x0000000033c40000,0x0000000033d40000)]
  0x000000002e844000 JavaThread "jar transforms Thread 552" [_thread_blocked, id=13344, stack(0x0000000033b40000,0x0000000033c40000)]
  0x000000002e843800 JavaThread "jar transforms Thread 551" [_thread_blocked, id=5720, stack(0x0000000033a40000,0x0000000033b40000)]
  0x000000002e842000 JavaThread "jar transforms Thread 550" [_thread_blocked, id=5012, stack(0x0000000033140000,0x0000000033240000)]
  0x000000002e841000 JavaThread "jar transforms Thread 549" [_thread_blocked, id=10384, stack(0x0000000033040000,0x0000000033140000)]
  0x000000002e842800 JavaThread "jar transforms Thread 548" [_thread_blocked, id=13184, stack(0x00000000318f0000,0x00000000319f0000)]
  0x00000000179e8800 JavaThread "jar transforms Thread 547" [_thread_blocked, id=6088, stack(0x000000002ffa0000,0x00000000300a0000)]
  0x00000000179e7000 JavaThread "jar transforms Thread 546" [_thread_blocked, id=10932, stack(0x000000002e220000,0x000000002e320000)]
  0x00000000179e6800 JavaThread "jar transforms Thread 545" [_thread_blocked, id=6504, stack(0x000000002b420000,0x000000002b520000)]
  0x00000000179ed000 JavaThread "jar transforms Thread 544" [_thread_blocked, id=7820, stack(0x000000002af20000,0x000000002b020000)]
  0x00000000179ec800 JavaThread "jar transforms Thread 543" [_thread_blocked, id=8160, stack(0x0000000029870000,0x0000000029970000)]
  0x0000000020d8d800 JavaThread "jar transforms Thread 542" [_thread_blocked, id=8100, stack(0x0000000029770000,0x0000000029870000)]
  0x0000000020d90800 JavaThread "jar transforms Thread 541" [_thread_blocked, id=7372, stack(0x0000000029670000,0x0000000029770000)]
  0x0000000020d84000 JavaThread "jar transforms Thread 540" [_thread_blocked, id=12388, stack(0x0000000029570000,0x0000000029670000)]
  0x0000000020d8b000 JavaThread "jar transforms Thread 539" [_thread_blocked, id=9320, stack(0x00000000292e0000,0x00000000293e0000)]
  0x0000000020d8a800 JavaThread "jar transforms Thread 538" [_thread_blocked, id=13752, stack(0x00000000291e0000,0x00000000292e0000)]
  0x0000000020d82800 JavaThread "jar transforms Thread 537" [_thread_blocked, id=5600, stack(0x00000000290e0000,0x00000000291e0000)]
  0x0000000020d82000 JavaThread "jar transforms Thread 536" [_thread_blocked, id=408, stack(0x0000000028fe0000,0x00000000290e0000)]
  0x0000000020d86800 JavaThread "jar transforms Thread 535" [_thread_blocked, id=2936, stack(0x0000000028ee0000,0x0000000028fe0000)]
  0x0000000020d89000 JavaThread "jar transforms Thread 534" [_thread_blocked, id=12436, stack(0x0000000028de0000,0x0000000028ee0000)]
  0x0000000020d83800 JavaThread "jar transforms Thread 533" [_thread_blocked, id=10292, stack(0x0000000028ce0000,0x0000000028de0000)]
  0x0000000020d81000 JavaThread "jar transforms Thread 532" [_thread_blocked, id=8016, stack(0x0000000028be0000,0x0000000028ce0000)]
  0x0000000020d88000 JavaThread "jar transforms Thread 531" [_thread_blocked, id=1928, stack(0x0000000028ae0000,0x0000000028be0000)]
  0x0000000020d85000 JavaThread "jar transforms Thread 530" [_thread_blocked, id=13784, stack(0x00000000289e0000,0x0000000028ae0000)]
  0x0000000020d86000 JavaThread "jar transforms Thread 529" [_thread_blocked, id=13668, stack(0x00000000288e0000,0x00000000289e0000)]
  0x0000000020a18000 JavaThread "jar transforms Thread 528" [_thread_blocked, id=11800, stack(0x00000000287e0000,0x00000000288e0000)]
  0x0000000020a17000 JavaThread "jar transforms Thread 527" [_thread_blocked, id=3092, stack(0x00000000286e0000,0x00000000287e0000)]
  0x0000000020a16800 JavaThread "jar transforms Thread 526" [_thread_blocked, id=13028, stack(0x00000000285e0000,0x00000000286e0000)]
  0x0000000020a15800 JavaThread "jar transforms Thread 525" [_thread_blocked, id=5372, stack(0x00000000284e0000,0x00000000285e0000)]
  0x0000000020a15000 JavaThread "jar transforms Thread 524" [_thread_blocked, id=124, stack(0x00000000283e0000,0x00000000284e0000)]
  0x0000000020a13800 JavaThread "jar transforms Thread 523" [_thread_blocked, id=4696, stack(0x00000000282e0000,0x00000000283e0000)]
  0x0000000020a14000 JavaThread "jar transforms Thread 522" [_thread_blocked, id=7444, stack(0x00000000281e0000,0x00000000282e0000)]
  0x0000000020a0c000 JavaThread "jar transforms Thread 521" [_thread_blocked, id=5392, stack(0x00000000280e0000,0x00000000281e0000)]
  0x0000000020a12000 JavaThread "jar transforms Thread 520" [_thread_blocked, id=2400, stack(0x0000000027fe0000,0x00000000280e0000)]
  0x0000000020a12800 JavaThread "jar transforms Thread 519" [_thread_blocked, id=5304, stack(0x0000000027ee0000,0x0000000027fe0000)]
  0x0000000020a0b000 JavaThread "jar transforms Thread 518" [_thread_blocked, id=9788, stack(0x0000000027de0000,0x0000000027ee0000)]
  0x0000000020a0a800 JavaThread "jar transforms Thread 517" [_thread_blocked, id=7348, stack(0x0000000027ce0000,0x0000000027de0000)]
  0x0000000020a09000 JavaThread "jar transforms Thread 516" [_thread_blocked, id=1916, stack(0x0000000027be0000,0x0000000027ce0000)]
  0x0000000020a0c800 JavaThread "jar transforms Thread 515" [_thread_blocked, id=12900, stack(0x0000000027ae0000,0x0000000027be0000)]
  0x0000000020a0f000 JavaThread "jar transforms Thread 514" [_thread_blocked, id=7400, stack(0x00000000279e0000,0x0000000027ae0000)]
  0x0000000024983000 JavaThread "jar transforms Thread 513" [_thread_blocked, id=13760, stack(0x00000000278e0000,0x00000000279e0000)]
  0x0000000024982800 JavaThread "jar transforms Thread 512" [_thread_blocked, id=2100, stack(0x00000000277e0000,0x00000000278e0000)]
  0x0000000024981000 JavaThread "jar transforms Thread 511" [_thread_blocked, id=7032, stack(0x00000000276e0000,0x00000000277e0000)]
  0x0000000024980000 JavaThread "jar transforms Thread 510" [_thread_blocked, id=1296, stack(0x00000000275e0000,0x00000000276e0000)]
  0x0000000024981800 JavaThread "jar transforms Thread 509" [_thread_blocked, id=6340, stack(0x00000000274e0000,0x00000000275e0000)]
  0x000000002497e800 JavaThread "jar transforms Thread 508" [_thread_blocked, id=11912, stack(0x00000000273e0000,0x00000000274e0000)]
  0x000000002497e000 JavaThread "jar transforms Thread 507" [_thread_blocked, id=9824, stack(0x00000000272e0000,0x00000000273e0000)]
  0x000000002497f800 JavaThread "jar transforms Thread 506" [_thread_blocked, id=10244, stack(0x00000000271e0000,0x00000000272e0000)]
  0x0000000024976800 JavaThread "jar transforms Thread 505" [_thread_blocked, id=12272, stack(0x00000000270e0000,0x00000000271e0000)]
  0x000000002497d000 JavaThread "jar transforms Thread 504" [_thread_blocked, id=11108, stack(0x0000000026fe0000,0x00000000270e0000)]
  0x0000000024975800 JavaThread "jar transforms Thread 503" [_thread_blocked, id=5960, stack(0x0000000026ee0000,0x0000000026fe0000)]
  0x000000002497c800 JavaThread "jar transforms Thread 502" [_thread_blocked, id=11392, stack(0x0000000026de0000,0x0000000026ee0000)]
  0x0000000024978000 JavaThread "jar transforms Thread 501" [_thread_blocked, id=12204, stack(0x0000000026ce0000,0x0000000026de0000)]
  0x0000000024977000 JavaThread "jar transforms Thread 500" [_thread_blocked, id=6484, stack(0x0000000026be0000,0x0000000026ce0000)]
  0x0000000024975000 JavaThread "jar transforms Thread 499" [_thread_blocked, id=2280, stack(0x0000000026ae0000,0x0000000026be0000)]
  0x0000000024974000 JavaThread "jar transforms Thread 498" [_thread_blocked, id=2916, stack(0x00000000269e0000,0x0000000026ae0000)]
  0x000000001fc40800 JavaThread "jar transforms Thread 497" [_thread_blocked, id=11640, stack(0x00000000268e0000,0x00000000269e0000)]
  0x000000001fc3f800 JavaThread "jar transforms Thread 496" [_thread_blocked, id=3948, stack(0x00000000267e0000,0x00000000268e0000)]
  0x000000001fc41000 JavaThread "jar transforms Thread 495" [_thread_blocked, id=3976, stack(0x00000000266e0000,0x00000000267e0000)]
  0x000000001fc3d800 JavaThread "jar transforms Thread 494" [_thread_blocked, id=10164, stack(0x00000000265e0000,0x00000000266e0000)]
  0x000000001fc3f000 JavaThread "jar transforms Thread 493" [_thread_blocked, id=4812, stack(0x00000000264e0000,0x00000000265e0000)]
  0x000000001fc3e000 JavaThread "jar transforms Thread 492" [_thread_blocked, id=8624, stack(0x00000000263e0000,0x00000000264e0000)]
  0x000000001fc3c800 JavaThread "jar transforms Thread 491" [_thread_blocked, id=6888, stack(0x00000000262e0000,0x00000000263e0000)]
  0x000000001fc35000 JavaThread "jar transforms Thread 490" [_thread_blocked, id=3716, stack(0x00000000261e0000,0x00000000262e0000)]
  0x000000001fc3b800 JavaThread "jar transforms Thread 489" [_thread_blocked, id=5324, stack(0x00000000260e0000,0x00000000261e0000)]
  0x000000001fc3a000 JavaThread "jar transforms Thread 488" [_thread_blocked, id=13208, stack(0x0000000025fe0000,0x00000000260e0000)]
  0x000000001fc39800 JavaThread "jar transforms Thread 487" [_thread_blocked, id=9808, stack(0x0000000025ee0000,0x0000000025fe0000)]
  0x000000001fc38000 JavaThread "jar transforms Thread 486" [_thread_blocked, id=11864, stack(0x0000000025de0000,0x0000000025ee0000)]
  0x000000001fc36800 JavaThread "jar transforms Thread 485" [_thread_blocked, id=4044, stack(0x0000000025ce0000,0x0000000025de0000)]
  0x000000001fc3b000 JavaThread "jar transforms Thread 484" [_thread_blocked, id=11020, stack(0x0000000025be0000,0x0000000025ce0000)]
  0x000000001fc37000 JavaThread "jar transforms Thread 483" [_thread_blocked, id=10004, stack(0x0000000025ae0000,0x0000000025be0000)]
  0x000000001fc35800 JavaThread "jar transforms Thread 482" [_thread_blocked, id=11668, stack(0x0000000025720000,0x0000000025820000)]
  0x000000001a5fd000 JavaThread "jar transforms Thread 481" [_thread_blocked, id=5032, stack(0x0000000025620000,0x0000000025720000)]
  0x000000001a5fc800 JavaThread "jar transforms Thread 480" [_thread_blocked, id=1616, stack(0x0000000025520000,0x0000000025620000)]
  0x000000001a5fb800 JavaThread "jar transforms Thread 479" [_thread_blocked, id=2004, stack(0x0000000025420000,0x0000000025520000)]
  0x000000001a5fe000 JavaThread "jar transforms Thread 478" [_thread_blocked, id=13048, stack(0x0000000025320000,0x0000000025420000)]
  0x000000001a602800 JavaThread "jar transforms Thread 477" [_thread_blocked, id=76, stack(0x0000000025220000,0x0000000025320000)]
  0x000000001a5fb000 JavaThread "jar transforms Thread 476" [_thread_blocked, id=6060, stack(0x0000000025120000,0x0000000025220000)]
  0x000000001a5ff800 JavaThread "jar transforms Thread 475" [_thread_blocked, id=5792, stack(0x0000000023830000,0x0000000023930000)]
  0x000000001a5f3000 JavaThread "jar transforms Thread 474" [_thread_blocked, id=5408, stack(0x0000000022d30000,0x0000000022e30000)]
  0x000000001a5f6800 JavaThread "jar transforms Thread 473" [_thread_blocked, id=232, stack(0x0000000022760000,0x0000000022860000)]
  0x000000001a5fa000 JavaThread "jar transforms Thread 472" [_thread_blocked, id=6260, stack(0x0000000022660000,0x0000000022760000)]
  0x000000001a5f9800 JavaThread "jar transforms Thread 471" [_thread_blocked, id=12184, stack(0x0000000022560000,0x0000000022660000)]
  0x000000001a5f4000 JavaThread "jar transforms Thread 470" [_thread_blocked, id=6556, stack(0x0000000022460000,0x0000000022560000)]
  0x000000001a5f8800 JavaThread "jar transforms Thread 469" [_thread_blocked, id=11948, stack(0x0000000022360000,0x0000000022460000)]
  0x000000001a5f8000 JavaThread "jar transforms Thread 468" [_thread_blocked, id=7936, stack(0x0000000022260000,0x0000000022360000)]
  0x000000001a5f7000 JavaThread "jar transforms Thread 467" [_thread_blocked, id=13932, stack(0x0000000022160000,0x0000000022260000)]
  0x000000001a5f5800 JavaThread "jar transforms Thread 466" [_thread_blocked, id=12768, stack(0x0000000022060000,0x0000000022160000)]
  0x000000001a5f5000 JavaThread "jar transforms Thread 465" [_thread_blocked, id=10996, stack(0x0000000021f60000,0x0000000022060000)]
  0x000000002c276800 JavaThread "jar transforms Thread 464" [_thread_blocked, id=1936, stack(0x0000000021e60000,0x0000000021f60000)]
  0x000000002c276000 JavaThread "jar transforms Thread 463" [_thread_blocked, id=8096, stack(0x0000000021d60000,0x0000000021e60000)]
  0x000000002c277800 JavaThread "jar transforms Thread 462" [_thread_blocked, id=4892, stack(0x0000000021c60000,0x0000000021d60000)]
  0x000000002c27c000 JavaThread "jar transforms Thread 461" [_thread_blocked, id=9028, stack(0x0000000021b60000,0x0000000021c60000)]
  0x000000002c27b000 JavaThread "Build operations Thread 4" [_thread_in_Java, id=6232, stack(0x0000000021a60000,0x0000000021b60000)]
  0x000000002c279000 JavaThread "Build operations Thread 3" [_thread_blocked, id=11504, stack(0x0000000021960000,0x0000000021a60000)]
  0x000000002c27a800 JavaThread "Build operations Thread 2" [_thread_in_native, id=6192, stack(0x0000000021860000,0x0000000021960000)]
  0x000000002c27c800 JavaThread "Build operations" [_thread_in_Java, id=3500, stack(0x0000000021760000,0x0000000021860000)]
  0x000000002c279800 JavaThread "Cache worker for cache directory md-rule (C:\Users\Rahmadilan\.gradle\caches\6.5\md-rule)" [_thread_blocked, id=12772, stack(0x0000000021660000,0x0000000021760000)]
  0x000000002c278000 JavaThread "Cache worker for cache directory md-supplier (C:\Users\Rahmadilan\.gradle\caches\6.5\md-supplier)" [_thread_blocked, id=8204, stack(0x0000000021560000,0x0000000021660000)]
  0x000000002c26e800 JavaThread "Cache worker for checksums cache (D:\ilmu komputer\semester 5\project mobile\Secret_Diary\.gradle\checksums)" [_thread_blocked, id=3516, stack(0x0000000021460000,0x0000000021560000)]
  0x000000002c274800 JavaThread "Cache worker for file hash cache (D:\ilmu komputer\semester 5\project mobile\Secret_Diary\.gradle\6.5\fileHashes)" [_thread_blocked, id=8992, stack(0x0000000021360000,0x0000000021460000)]
  0x000000002c273800 JavaThread "Thread-571" [_thread_blocked, id=8928, stack(0x0000000021260000,0x0000000021360000)]
  0x000000002c275000 JavaThread "Stdin handler" [_thread_blocked, id=2716, stack(0x00000000200f0000,0x00000000201f0000)]
  0x000000002c273000 JavaThread "Asynchronous log dispatcher for DefaultDaemonConnection: socket connection from /127.0.0.1:60290 to /127.0.0.1:60741" [_thread_blocked, id=13704, stack(0x000000001fff0000,0x00000000200f0000)]
  0x000000002c271800 JavaThread "Daemon worker Thread 6" [_thread_in_Java, id=13388, stack(0x000000001d550000,0x000000001d650000)]
  0x000000002c26d800 JavaThread "Cancel handler" [_thread_blocked, id=10568, stack(0x000000001c910000,0x000000001ca10000)]
  0x000000002c270800 JavaThread "Handler for socket connection from /127.0.0.1:60290 to /127.0.0.1:60741" [_thread_in_native, id=6040, stack(0x000000001c810000,0x000000001c910000)]
  0x000000002c270000 JavaThread "Daemon Thread 6" [_thread_blocked, id=5248, stack(0x0000000001140000,0x0000000001240000)]
  0x0000000020a0d800 JavaThread "Memory manager" [_thread_blocked, id=552, stack(0x0000000029f70000,0x000000002a070000)]
  0x000000001fc34000 JavaThread "Cache worker for file content cache (C:\Users\Rahmadilan\.gradle\caches\6.5\fileContent)" [_thread_blocked, id=14288, stack(0x0000000023730000,0x0000000023830000)]
  0x000000001fc33800 JavaThread "Cache worker for execution history cache (C:\Users\Rahmadilan\.gradle\caches\6.5\executionHistory)" [_thread_blocked, id=3224, stack(0x0000000023230000,0x0000000023330000)]
  0x00000000179e9800 JavaThread "Cache worker for file hash cache (C:\Users\Rahmadilan\.gradle\caches\6.5\fileHashes)" [_thread_blocked, id=13100, stack(0x000000001db50000,0x000000001dc50000)]
  0x00000000179e8000 JavaThread "File lock request listener" [_thread_in_native, id=13008, stack(0x000000001da50000,0x000000001db50000)]
  0x00000000179eb800 JavaThread "Cache worker for journal cache (C:\Users\Rahmadilan\.gradle\caches\journal-1)" [_thread_blocked, id=11356, stack(0x000000001d850000,0x000000001d950000)]
  0x000000001b48c800 JavaThread "Daemon periodic checks" [_thread_blocked, id=1720, stack(0x000000001cc50000,0x000000001cd50000)]
  0x000000001b435000 JavaThread "Incoming local TCP Connector on port 60290" [_thread_in_native, id=2332, stack(0x000000001ca10000,0x000000001cb10000)]
  0x0000000019cc4000 JavaThread "Daemon health stats" [_thread_blocked, id=10820, stack(0x000000001c1d0000,0x000000001c2d0000)]
  0x0000000019368800 JavaThread "Service Thread" daemon [_thread_blocked, id=7844, stack(0x0000000019730000,0x0000000019830000)]
  0x00000000179ea000 JavaThread "C1 CompilerThread2" daemon [_thread_in_vm, id=12060, stack(0x0000000019230000,0x0000000019330000)]
  0x00000000179de800 JavaThread "C2 CompilerThread1" daemon [_thread_in_native, id=11788, stack(0x0000000019130000,0x0000000019230000)]
=>0x00000000179d5000 JavaThread "C2 CompilerThread0" daemon [_thread_in_native, id=3052, stack(0x0000000019030000,0x0000000019130000)]
  0x00000000179d3000 JavaThread "Attach Listener" daemon [_thread_blocked, id=3688, stack(0x0000000018f30000,0x0000000019030000)]
  0x00000000179d1800 JavaThread "Signal Dispatcher" daemon [_thread_blocked, id=11284, stack(0x0000000018e30000,0x0000000018f30000)]
  0x0000000002daa800 JavaThread "Finalizer" daemon [_thread_blocked, id=1932, stack(0x0000000018c30000,0x0000000018d30000)]
  0x00000000179ba000 JavaThread "Reference Handler" daemon [_thread_blocked, id=12052, stack(0x0000000018b30000,0x0000000018c30000)]
  0x000000000102e000 JavaThread "main" [_thread_blocked, id=6884, stack(0x0000000002ba0000,0x0000000002ca0000)]

Other Threads:
  0x0000000017998000 VMThread [stack: 0x0000000018a30000,0x0000000018b30000] [id=11660]
  0x0000000017a2e000 WatcherThread [stack: 0x0000000019830000,0x0000000019930000] [id=2152]

VM state:not at safepoint (normal execution)

VM Mutex/Monitor currently owned by a thread: None

heap address: 0x0000000080000000, size: 2048 MB, Compressed Oops mode: 32-bit
Narrow klass base: 0x0000000000000000, Narrow klass shift: 3
Compressed class space size: 1073741824 Address: 0x0000000100000000

Heap:
 PSYoungGen      total 433152K, used 193105K [0x00000000d5580000, 0x00000000f4580000, 0x0000000100000000)
  eden space 366592K, 47% used [0x00000000d5580000,0x00000000dfe523f8,0x00000000ebb80000)
  from space 66560K, 30% used [0x00000000f0480000,0x00000000f1842120,0x00000000f4580000)
  to   space 70656K, 0% used [0x00000000ebb80000,0x00000000ebb80000,0x00000000f0080000)
 ParOldGen       total 271872K, used 97583K [0x0000000080000000, 0x0000000090980000, 0x00000000d5580000)
  object space 271872K, 35% used [0x0000000080000000,0x0000000085f4bf38,0x0000000090980000)
 Metaspace       used 174816K, capacity 183840K, committed 184064K, reserved 1208320K
  class space    used 23466K, capacity 25231K, committed 25344K, reserved 1048576K

Card table byte_map: [0x0000000012170000,0x0000000012580000] byte_map_base: 0x0000000011d70000

Marking Bits: (ParMarkBitMap*) 0x0000000076555ce0
 Begin Bits: [0x0000000012c30000, 0x0000000014c30000)
 End Bits:   [0x0000000014c30000, 0x0000000016c30000)

Polling page: 0x0000000000ff0000

CodeCache: size=245760Kb used=69527Kb max_used=69527Kb free=176232Kb
 bounds [0x0000000002db0000, 0x00000000071f0000, 0x0000000011db0000]
 total_blobs=21022 nmethods=20070 adapters=863
 compilation: enabled

Compilation events (10 events):
Event: 1653.748 Thread 0x00000000179ea000 nmethod 24385 0x00000000071cb950 code [0x00000000071cbac0, 0x00000000071cbe90]
Event: 1653.748 Thread 0x00000000179ea000 24386       3       com.android.tools.r8.t.a.a.a.h.f0$a::next (25 bytes)
Event: 1653.749 Thread 0x00000000179ea000 nmethod 24386 0x00000000071cb310 code [0x00000000071cb480, 0x00000000071cb7e8]
Event: 1653.749 Thread 0x00000000179ea000 24387       3       com.android.tools.r8.z.a.a.a::<init> (59 bytes)
Event: 1653.750 Thread 0x00000000179ea000 nmethod 24387 0x00000000071cdfd0 code [0x00000000071ce1c0, 0x00000000071ceb18]
Event: 1653.756 Thread 0x00000000179de800 nmethod 24294 0x00000000071d1f50 code [0x00000000071d20a0, 0x00000000071d24b8]
Event: 1653.756 Thread 0x00000000179de800 24330       4       com.android.tools.r8.utils.T::d (290 bytes)
Event: 1653.759 Thread 0x00000000179ea000 24388       3       com.android.tools.r8.graph.I0::b (91 bytes)
Event: 1653.761 Thread 0x00000000179ea000 nmethod 24388 0x00000000071d0b90 code [0x00000000071d0da0, 0x00000000071d18d8]
Event: 1653.761 Thread 0x00000000179ea000 24389       3       com.android.tools.r8.graph.I0$c::a (578 bytes)

GC Heap History (10 events):
Event: 1549.637 GC heap before
{Heap before GC invocations=27 (full 4):
 PSYoungGen      total 368640K, used 360422K [0x00000000d5580000, 0x00000000f0580000, 0x0000000100000000)
  eden space 313344K, 100% used [0x00000000d5580000,0x00000000e8780000,0x00000000e8780000)
  from space 55296K, 85% used [0x00000000ec300000,0x00000000ef0f9a00,0x00000000ef900000)
  to   space 60928K, 0% used [0x00000000e8780000,0x00000000e8780000,0x00000000ec300000)
 ParOldGen       total 193536K, used 99708K [0x0000000080000000, 0x000000008bd00000, 0x00000000d5580000)
  object space 193536K, 51% used [0x0000000080000000,0x000000008615f3c8,0x000000008bd00000)
 Metaspace       used 149971K, capacity 157324K, committed 157696K, reserved 1185792K
  class space    used 20211K, capacity 21649K, committed 21760K, reserved 1048576K
Event: 1549.734 GC heap after
Heap after GC invocations=27 (full 4):
 PSYoungGen      total 374272K, used 60918K [0x00000000d5580000, 0x00000000f3600000, 0x0000000100000000)
  eden space 313344K, 0% used [0x00000000d5580000,0x00000000d5580000,0x00000000e8780000)
  from space 60928K, 99% used [0x00000000e8780000,0x00000000ec2fd898,0x00000000ec300000)
  to   space 72192K, 0% used [0x00000000eef80000,0x00000000eef80000,0x00000000f3600000)
 ParOldGen       total 193536K, used 103920K [0x0000000080000000, 0x000000008bd00000, 0x00000000d5580000)
  object space 193536K, 53% used [0x0000000080000000,0x000000008657c0d8,0x000000008bd00000)
 Metaspace       used 149971K, capacity 157324K, committed 157696K, reserved 1185792K
  class space    used 20211K, capacity 21649K, committed 21760K, reserved 1048576K
}
Event: 1626.053 GC heap before
{Heap before GC invocations=28 (full 4):
 PSYoungGen      total 374272K, used 373960K [0x00000000d5580000, 0x00000000f3600000, 0x0000000100000000)
  eden space 313344K, 99% used [0x00000000d5580000,0x00000000e87348d8,0x00000000e8780000)
  from space 60928K, 99% used [0x00000000e8780000,0x00000000ec2fd898,0x00000000ec300000)
  to   space 72192K, 0% used [0x00000000eef80000,0x00000000eef80000,0x00000000f3600000)
 ParOldGen       total 193536K, used 103920K [0x0000000080000000, 0x000000008bd00000, 0x00000000d5580000)
  object space 193536K, 53% used [0x0000000080000000,0x000000008657c0d8,0x000000008bd00000)
 Metaspace       used 156505K, capacity 164084K, committed 164224K, reserved 1191936K
  class space    used 21044K, capacity 22573K, committed 22656K, reserved 1048576K
Event: 1626.186 GC heap after
Heap after GC invocations=28 (full 4):
 PSYoungGen      total 414720K, used 47872K [0x00000000d5580000, 0x00000000f3600000, 0x0000000100000000)
  eden space 342528K, 0% used [0x00000000d5580000,0x00000000d5580000,0x00000000ea400000)
  from space 72192K, 66% used [0x00000000eef80000,0x00000000f1e40178,0x00000000f3600000)
  to   space 74752K, 0% used [0x00000000ea400000,0x00000000ea400000,0x00000000eed00000)
 ParOldGen       total 193536K, used 113181K [0x0000000080000000, 0x000000008bd00000, 0x00000000d5580000)
  object space 193536K, 58% used [0x0000000080000000,0x0000000086e876a0,0x000000008bd00000)
 Metaspace       used 156505K, capacity 164084K, committed 164224K, reserved 1191936K
  class space    used 21044K, capacity 22573K, committed 22656K, reserved 1048576K
}
Event: 1626.186 GC heap before
{Heap before GC invocations=29 (full 5):
 PSYoungGen      total 414720K, used 47872K [0x00000000d5580000, 0x00000000f3600000, 0x0000000100000000)
  eden space 342528K, 0% used [0x00000000d5580000,0x00000000d5580000,0x00000000ea400000)
  from space 72192K, 66% used [0x00000000eef80000,0x00000000f1e40178,0x00000000f3600000)
  to   space 74752K, 0% used [0x00000000ea400000,0x00000000ea400000,0x00000000eed00000)
 ParOldGen       total 193536K, used 113181K [0x0000000080000000, 0x000000008bd00000, 0x00000000d5580000)
  object space 193536K, 58% used [0x0000000080000000,0x0000000086e876a0,0x000000008bd00000)
 Metaspace       used 156505K, capacity 164084K, committed 164224K, reserved 1191936K
  class space    used 21044K, capacity 22573K, committed 22656K, reserved 1048576K
Event: 1626.737 GC heap after
Heap after GC invocations=29 (full 5):
 PSYoungGen      total 414720K, used 0K [0x00000000d5580000, 0x00000000f3600000, 0x0000000100000000)
  eden space 342528K, 0% used [0x00000000d5580000,0x00000000d5580000,0x00000000ea400000)
  from space 72192K, 0% used [0x00000000eef80000,0x00000000eef80000,0x00000000f3600000)
  to   space 74752K, 0% used [0x00000000ea400000,0x00000000ea400000,0x00000000eed00000)
 ParOldGen       total 271872K, used 97506K [0x0000000080000000, 0x0000000090980000, 0x00000000d5580000)
  object space 271872K, 35% used [0x0000000080000000,0x0000000085f38980,0x0000000090980000)
 Metaspace       used 156316K, capacity 163620K, committed 164224K, reserved 1191936K
  class space    used 20991K, capacity 22510K, committed 22656K, reserved 1048576K
}
Event: 1640.290 GC heap before
{Heap before GC invocations=30 (full 5):
 PSYoungGen      total 414720K, used 342528K [0x00000000d5580000, 0x00000000f3600000, 0x0000000100000000)
  eden space 342528K, 100% used [0x00000000d5580000,0x00000000ea400000,0x00000000ea400000)
  from space 72192K, 0% used [0x00000000eef80000,0x00000000eef80000,0x00000000f3600000)
  to   space 74752K, 0% used [0x00000000ea400000,0x00000000ea400000,0x00000000eed00000)
 ParOldGen       total 271872K, used 97518K [0x0000000080000000, 0x0000000090980000, 0x00000000d5580000)
  object space 271872K, 35% used [0x0000000080000000,0x0000000085f3b998,0x0000000090980000)
 Metaspace       used 159976K, capacity 167612K, committed 167808K, reserved 1193984K
  class space    used 21479K, capacity 23036K, committed 23168K, reserved 1048576K
Event: 1640.313 GC heap after
Heap after GC invocations=30 (full 5):
 PSYoungGen      total 417280K, used 12928K [0x00000000d5580000, 0x00000000f4c80000, 0x0000000100000000)
  eden space 342528K, 0% used [0x00000000d5580000,0x00000000d5580000,0x00000000ea400000)
  from space 74752K, 17% used [0x00000000ea400000,0x00000000eb0a0040,0x00000000eed00000)
  to   space 73728K, 0% used [0x00000000f0480000,0x00000000f0480000,0x00000000f4c80000)
 ParOldGen       total 271872K, used 97526K [0x0000000080000000, 0x0000000090980000, 0x00000000d5580000)
  object space 271872K, 35% used [0x0000000080000000,0x0000000085f3d998,0x0000000090980000)
 Metaspace       used 159976K, capacity 167612K, committed 167808K, reserved 1193984K
  class space    used 21479K, capacity 23036K, committed 23168K, reserved 1048576K
}
Event: 1649.411 GC heap before
{Heap before GC invocations=31 (full 5):
 PSYoungGen      total 417280K, used 355456K [0x00000000d5580000, 0x00000000f4c80000, 0x0000000100000000)
  eden space 342528K, 100% used [0x00000000d5580000,0x00000000ea400000,0x00000000ea400000)
  from space 74752K, 17% used [0x00000000ea400000,0x00000000eb0a0040,0x00000000eed00000)
  to   space 73728K, 0% used [0x00000000f0480000,0x00000000f0480000,0x00000000f4c80000)
 ParOldGen       total 271872K, used 97575K [0x0000000080000000, 0x0000000090980000, 0x00000000d5580000)
  object space 271872K, 35% used [0x0000000080000000,0x0000000085f49f38,0x0000000090980000)
 Metaspace       used 167310K, capacity 175090K, committed 175360K, reserved 1200128K
  class space    used 22357K, capacity 23968K, committed 24064K, reserved 1048576K
Event: 1649.448 GC heap after
Heap after GC invocations=31 (full 5):
 PSYoungGen      total 433152K, used 20232K [0x00000000d5580000, 0x00000000f4580000, 0x0000000100000000)
  eden space 366592K, 0% used [0x00000000d5580000,0x00000000d5580000,0x00000000ebb80000)
  from space 66560K, 30% used [0x00000000f0480000,0x00000000f1842120,0x00000000f4580000)
  to   space 70656K, 0% used [0x00000000ebb80000,0x00000000ebb80000,0x00000000f0080000)
 ParOldGen       total 271872K, used 97583K [0x0000000080000000, 0x0000000090980000, 0x00000000d5580000)
  object space 271872K, 35% used [0x0000000080000000,0x0000000085f4bf38,0x0000000090980000)
 Metaspace       used 167310K, capacity 175090K, committed 175360K, reserved 1200128K
  class space    used 22357K, capacity 23968K, committed 24064K, reserved 1048576K
}

Deoptimization events (10 events):
Event: 1653.399 Thread 0x000000002e848000 Uncommon trap: reason=class_check action=maybe_recompile pc=0x000000000662b9a4 method=com.google.common.collect.ImmutableList.copyIntoArray([Ljava/lang/Object;I)I @ 1
Event: 1653.399 Thread 0x000000002e848000 Uncommon trap: reason=class_check action=maybe_recompile pc=0x000000000662b9a4 method=com.google.common.collect.ImmutableList.copyIntoArray([Ljava/lang/Object;I)I @ 1
Event: 1653.438 Thread 0x000000002c271800 Uncommon trap: reason=class_check action=maybe_recompile pc=0x00000000066f9c5c method=com.google.common.collect.SortedIterables.hasSameComparator(Ljava/util/Comparator;Ljava/lang/Iterable;)Z @ 11
Event: 1653.552 Thread 0x000000002c27c800 Uncommon trap: reason=class_check action=maybe_recompile pc=0x0000000005f41fe8 method=java.util.Collections$SetFromMap.<init>(Ljava/util/Map;)V @ 5
Event: 1653.552 Thread 0x000000002c27c800 Uncommon trap: reason=class_check action=maybe_recompile pc=0x0000000005f41fe8 method=java.util.Collections$SetFromMap.<init>(Ljava/util/Map;)V @ 5
Event: 1653.557 Thread 0x000000002c27c800 Uncommon trap: reason=null_assert action=make_not_entrant pc=0x0000000006cc017c method=com.android.tools.r8.graph.I0$c.a()V @ 395
Event: 1653.560 Thread 0x000000002c27c800 Uncommon trap: reason=unstable_if action=reinterpret pc=0x00000000066828b8 method=com.android.tools.r8.z.a.a.B.d(Ljava/lang/String;)Lcom/android/tools/r8/z/a/a/B; @ 11
Event: 1653.581 Thread 0x000000002c27b000 Uncommon trap: reason=class_check action=maybe_recompile pc=0x0000000005f41fe8 method=java.util.Collections$SetFromMap.<init>(Ljava/util/Map;)V @ 5
Event: 1653.581 Thread 0x000000002c27b000 Uncommon trap: reason=class_check action=maybe_recompile pc=0x0000000005f41fe8 method=java.util.Collections$SetFromMap.<init>(Ljava/util/Map;)V @ 5
Event: 1653.752 Thread 0x000000002c271800 Uncommon trap: reason=unloaded action=reinterpret pc=0x00000000071c6fa8 method=com.android.tools.r8.graph.I0$c.a()V @ 341

Classes redefined (0 events):
No events

Internal exceptions (10 events):
Event: 1652.921 Thread 0x000000002e849800 Exception <a 'sun/nio/fs/WindowsException'> (0x00000000dca8ab00) thrown at [C:\re\workspace\8-2-build-windows-amd64-cygwin\jdk8u221\13320\hotspot\src\share\vm\prims\jni.cpp, line 710]
Event: 1652.924 Thread 0x000000002e849800 Exception <a 'sun/nio/fs/WindowsException'> (0x00000000dca93a28) thrown at [C:\re\workspace\8-2-build-windows-amd64-cygwin\jdk8u221\13320\hotspot\src\share\vm\prims\jni.cpp, line 710]
Event: 1652.929 Thread 0x000000002e849800 Exception <a 'sun/nio/fs/WindowsException'> (0x00000000dcb1b5a0) thrown at [C:\re\workspace\8-2-build-windows-amd64-cygwin\jdk8u221\13320\hotspot\src\share\vm\prims\jni.cpp, line 710]
Event: 1652.937 Thread 0x000000002e849800 Exception <a 'sun/nio/fs/WindowsException'> (0x00000000dcb6ab38) thrown at [C:\re\workspace\8-2-build-windows-amd64-cygwin\jdk8u221\13320\hotspot\src\share\vm\prims\jni.cpp, line 710]
Event: 1652.939 Thread 0x000000002e849800 Exception <a 'sun/nio/fs/WindowsException'> (0x00000000dcbb0198) thrown at [C:\re\workspace\8-2-build-windows-amd64-cygwin\jdk8u221\13320\hotspot\src\share\vm\prims\jni.cpp, line 710]
Event: 1652.942 Thread 0x000000002e849800 Exception <a 'sun/nio/fs/WindowsException'> (0x00000000dcbb6650) thrown at [C:\re\workspace\8-2-build-windows-amd64-cygwin\jdk8u221\13320\hotspot\src\share\vm\prims\jni.cpp, line 710]
Event: 1652.944 Thread 0x000000002e849800 Exception <a 'sun/nio/fs/WindowsException'> (0x00000000dcc3c3c8) thrown at [C:\re\workspace\8-2-build-windows-amd64-cygwin\jdk8u221\13320\hotspot\src\share\vm\prims\jni.cpp, line 710]
Event: 1653.549 Thread 0x000000002c27c800 Exception <a 'sun/nio/fs/WindowsException'> (0x00000000de3cc0c8) thrown at [C:\re\workspace\8-2-build-windows-amd64-cygwin\jdk8u221\13320\hotspot\src\share\vm\prims\jni.cpp, line 710]
Event: 1653.578 Thread 0x000000002c27b000 Exception <a 'sun/nio/fs/WindowsException'> (0x00000000de79a0d0) thrown at [C:\re\workspace\8-2-build-windows-amd64-cygwin\jdk8u221\13320\hotspot\src\share\vm\prims\jni.cpp, line 710]
Event: 1653.641 Thread 0x000000002c271800 Exception <a 'sun/nio/fs/WindowsException'> (0x00000000defa1dd0) thrown at [C:\re\workspace\8-2-build-windows-amd64-cygwin\jdk8u221\13320\hotspot\src\share\vm\prims\jni.cpp, line 710]

Events (10 events):
Event: 1653.710 loading class com/android/tools/r8/graph/W done
Event: 1653.710 loading class com/android/tools/r8/graph/W
Event: 1653.710 loading class com/android/tools/r8/graph/W done
Event: 1653.710 loading class com/android/tools/r8/graph/Z0
Event: 1653.710 loading class com/android/tools/r8/graph/Z0 done
Event: 1653.711 loading class com/android/tools/r8/utils/o0
Event: 1653.711 loading class com/android/tools/r8/utils/o0 done
Event: 1653.752 Thread 0x000000002c271800 Uncommon trap: trap_request=0x00000023 fr.pc=0x00000000071c6fa8
Event: 1653.752 Thread 0x000000002c271800 DEOPT PACKING pc=0x00000000071c6fa8 sp=0x000000001d6458f0
Event: 1653.752 Thread 0x000000002c271800 DEOPT UNPACKING pc=0x0000000002df583b sp=0x000000001d6458c0 mode 2


Dynamic libraries:
0x00007ff7a9580000 - 0x00007ff7a95b7000 	C:\Program Files\Java\jdk1.8.0_221\bin\java.exe
0x00007ffde9ce0000 - 0x00007ffde9ed0000 	C:\Windows\SYSTEM32\ntdll.dll
0x00007ffde7e40000 - 0x00007ffde7ef2000 	C:\Windows\System32\KERNEL32.DLL
0x00007ffde7930000 - 0x00007ffde7bd5000 	C:\Windows\System32\KERNELBASE.dll
0x00007ffde7d90000 - 0x00007ffde7e33000 	C:\Windows\System32\ADVAPI32.dll
0x00007ffde9550000 - 0x00007ffde95ee000 	C:\Windows\System32\msvcrt.dll
0x00007ffde82c0000 - 0x00007ffde8357000 	C:\Windows\System32\sechost.dll
0x00007ffde9b80000 - 0x00007ffde9ca0000 	C:\Windows\System32\RPCRT4.dll
0x00007ffde8c30000 - 0x00007ffde8dc4000 	C:\Windows\System32\USER32.dll
0x00007ffde7760000 - 0x00007ffde7781000 	C:\Windows\System32\win32u.dll
0x00007ffde8dd0000 - 0x00007ffde8df6000 	C:\Windows\System32\GDI32.dll
0x00007ffde7790000 - 0x00007ffde7926000 	C:\Windows\System32\gdi32full.dll
0x00007ffde7630000 - 0x00007ffde76ce000 	C:\Windows\System32\msvcp_win.dll
0x00007ffde7530000 - 0x00007ffde762a000 	C:\Windows\System32\ucrtbase.dll
0x00007ffdd0a30000 - 0x00007ffdd0cb4000 	C:\Windows\WinSxS\amd64_microsoft.windows.common-controls_6595b64144ccf1df_6.0.18362.1256_none_9e7e379be45e40e2\COMCTL32.dll
0x00007ffde95f0000 - 0x00007ffde9926000 	C:\Windows\System32\combase.dll
0x00007ffde7c50000 - 0x00007ffde7cd1000 	C:\Windows\System32\bcryptPrimitives.dll
0x00007ffde8290000 - 0x00007ffde82be000 	C:\Windows\System32\IMM32.DLL
0x00000000765e0000 - 0x00000000766b2000 	C:\Program Files\Java\jdk1.8.0_221\jre\bin\msvcr100.dll
0x0000000075d30000 - 0x00000000765d5000 	C:\Program Files\Java\jdk1.8.0_221\jre\bin\server\jvm.dll
0x00007ffde9b70000 - 0x00007ffde9b78000 	C:\Windows\System32\PSAPI.DLL
0x00007ffdcfcd0000 - 0x00007ffdcfcd9000 	C:\Windows\SYSTEM32\WSOCK32.dll
0x00007ffde8910000 - 0x00007ffde897f000 	C:\Windows\System32\WS2_32.dll
0x00007ffde55b0000 - 0x00007ffde55d4000 	C:\Windows\SYSTEM32\WINMM.dll
0x00007ffde55a0000 - 0x00007ffde55aa000 	C:\Windows\SYSTEM32\VERSION.dll
0x00007ffde5570000 - 0x00007ffde559d000 	C:\Windows\SYSTEM32\WINMMBASE.dll
0x00007ffde7c00000 - 0x00007ffde7c4a000 	C:\Windows\System32\cfgmgr32.dll
0x00007ffdd0960000 - 0x00007ffdd096f000 	C:\Program Files\Java\jdk1.8.0_221\jre\bin\verify.dll
0x00007ffdcf7f0000 - 0x00007ffdcf819000 	C:\Program Files\Java\jdk1.8.0_221\jre\bin\java.dll
0x00007ffdc2100000 - 0x00007ffdc2116000 	C:\Program Files\Java\jdk1.8.0_221\jre\bin\zip.dll
0x00007ffde8e60000 - 0x00007ffde9547000 	C:\Windows\System32\SHELL32.dll
0x00007ffde9ac0000 - 0x00007ffde9b69000 	C:\Windows\System32\shcore.dll
0x00007ffde6da0000 - 0x00007ffde7521000 	C:\Windows\System32\windows.storage.dll
0x00007ffde6c20000 - 0x00007ffde6c43000 	C:\Windows\System32\profapi.dll
0x00007ffde6b90000 - 0x00007ffde6bda000 	C:\Windows\System32\powrprof.dll
0x00007ffde6b80000 - 0x00007ffde6b90000 	C:\Windows\System32\UMPDC.dll
0x00007ffde8e00000 - 0x00007ffde8e52000 	C:\Windows\System32\shlwapi.dll
0x00007ffde6be0000 - 0x00007ffde6bf1000 	C:\Windows\System32\kernel.appcore.dll
0x00007ffde7be0000 - 0x00007ffde7bf7000 	C:\Windows\System32\cryptsp.dll
0x00007ffdd8020000 - 0x00007ffdd803a000 	C:\Program Files\Java\jdk1.8.0_221\jre\bin\net.dll
0x00007ffddbd30000 - 0x00007ffddbf06000 	C:\Windows\SYSTEM32\urlmon.dll
0x00007ffddba80000 - 0x00007ffddbd27000 	C:\Windows\SYSTEM32\iertutil.dll
0x00007ffde6540000 - 0x00007ffde654c000 	C:\Windows\SYSTEM32\CRYPTBASE.DLL
0x00007ffde6370000 - 0x00007ffde63d7000 	C:\Windows\system32\mswsock.dll
0x00007ffdd44b0000 - 0x00007ffdd44c2000 	C:\Program Files\Java\jdk1.8.0_221\jre\bin\nio.dll
0x00007ffdd25a0000 - 0x00007ffdd25c7000 	C:\Users\Rahmadilan\.gradle\native\f6784746aeab05261644944871eae4fe03e0ef1612fff0a4a95f87b438bc6780\windows-amd64\native-platform.dll
0x00007ffde1990000 - 0x00007ffde199d000 	C:\Program Files\Java\jdk1.8.0_221\jre\bin\management.dll
0x00007ffde5ee0000 - 0x00007ffde5f13000 	C:\Windows\system32\rsaenh.dll
0x00007ffde7730000 - 0x00007ffde7756000 	C:\Windows\System32\bcrypt.dll
0x00007ffde6aa0000 - 0x00007ffde6ac5000 	C:\Windows\SYSTEM32\USERENV.dll
0x00007ffde6080000 - 0x00007ffde60ba000 	C:\Windows\SYSTEM32\IPHLPAPI.DLL
0x00007ffde8220000 - 0x00007ffde8228000 	C:\Windows\System32\NSI.dll
0x00007ffdddfb0000 - 0x00007ffdddfc6000 	C:\Windows\SYSTEM32\dhcpcsvc6.DLL
0x00007ffde0a00000 - 0x00007ffde0a1c000 	C:\Windows\SYSTEM32\dhcpcsvc.DLL
0x00007ffde60c0000 - 0x00007ffde618b000 	C:\Windows\SYSTEM32\DNSAPI.dll
0x00007ffde0c70000 - 0x00007ffde0c7b000 	C:\Windows\SYSTEM32\WINNSI.DLL
0x00007ffde5bc0000 - 0x00007ffde5bf1000 	C:\Windows\SYSTEM32\ntmarta.dll
0x00007ffdcff40000 - 0x00007ffdcff64000 	C:\Program Files\Java\jdk1.8.0_221\jre\bin\sunec.dll
0x00007ffdd2350000 - 0x00007ffdd235a000 	C:\Windows\System32\rasadhlp.dll
0x00007ffdddde0000 - 0x00007ffddde57000 	C:\Windows\System32\fwpuclnt.dll
0x00007ffddf8b0000 - 0x00007ffddf8bb000 	C:\Program Files\Java\jdk1.8.0_221\jre\bin\sunmscapi.dll
0x00007ffde6c50000 - 0x00007ffde6d99000 	C:\Windows\System32\CRYPT32.dll
0x00007ffde6c00000 - 0x00007ffde6c12000 	C:\Windows\System32\MSASN1.dll

VM Arguments:
jvm_args: -Xmx2048m -Dfile.encoding=UTF-8 -Duser.country=ID -Duser.language=en -Duser.variant 
java_command: org.gradle.launcher.daemon.bootstrap.GradleDaemon 6.5
java_class_path (initial): C:\Users\Rahmadilan\.gradle\wrapper\dists\gradle-6.5\lib\gradle-launcher-6.5.jar
Launcher Type: SUN_STANDARD

Environment Variables:
PATH=C:\Program Files (x86)\Common Files\Oracle\Java\javapath;C:\Program Files (x86)\Common Files\Intel\Shared Files\cpp\bin\Intel64;C:\Windows\system32;C:\Windows;C:\Windows\System32\Wbem;C:\Windows\System32\WindowsPowerShell\v1.0\;C:\Windows\System32\OpenSSH\;C:\xampp\php;C:\ProgramData\ComposerSetup\bin;C:\Program Files\Git\cmd;C:\Users\Rahmadilan\AppData\Local\Programs\Python\Python38\Scripts\;C:\Users\Rahmadilan\AppData\Local\Programs\Python\Python38\;C:\Users\Rahmadilan\AppData\Local\Microsoft\WindowsApps;;C:\Users\Rahmadilan\AppData\Local\Programs\Microsoft VS Code\bin;C:\Users\Rahmadilan\AppData\Roaming\Composer\vendor\bin
USERNAME=Rahmadilan
OS=Windows_NT
PROCESSOR_IDENTIFIER=Intel64 Family 6 Model 78 Stepping 3, GenuineIntel



---------------  S Y S T E M  ---------------

OS: Windows 10.0 , 64 bit Build 18362 (10.0.18362.1110)

CPU:total 4 (initial active 4) (2 cores per cpu, 2 threads per core) family 6 model 78 stepping 3, cmov, cx8, fxsr, mmx, sse, sse2, sse3, ssse3, sse4.1, sse4.2, popcnt, avx, avx2, aes, clmul, erms, rtm, 3dnowpref, lzcnt, ht, tsc, tscinvbit, bmi1, bmi2, adx

Memory: 4k page, physical 8056840k(1046592k free), swap 8056840k(4144k free)

vm_info: Java HotSpot(TM) 64-Bit Server VM (25.221-b11) for windows-amd64 JRE (1.8.0_221-b11), built on Jul  4 2019 04:39:29 by "java_re" with MS VC++ 10.0 (VS2010)

time: Wed Jan 13 06:09:37 2021
timezone: SE Asia Standard Time
elapsed time: 1653 seconds (0d 0h 27m 33s)

